c:\users\secqin\program\bianchen\code\lnnk1\promote\study_project\remotectrl\remoteclient\x64\debug\remoteclient.pch
c:\users\secqin\program\bianchen\code\lnnk1\promote\study_project\remotectrl\remoteclient\x64\debug\vc143.pdb
c:\users\secqin\program\bianchen\code\lnnk1\promote\study_project\remotectrl\remoteclient\x64\debug\vc143.idb
c:\users\secqin\program\bianchen\code\lnnk1\promote\study_project\remotectrl\remoteclient\x64\debug\pch.obj
c:\users\secqin\program\bianchen\code\lnnk1\promote\study_project\remotectrl\remoteclient\x64\debug\remoteclientdlg.obj
c:\users\secqin\program\bianchen\code\lnnk1\promote\study_project\remotectrl\remoteclient\x64\debug\remoteclient.obj
c:\users\secqin\program\bianchen\code\lnnk1\promote\study_project\remotectrl\x64\debug\remoteclient.exe
c:\users\secqin\program\bianchen\code\lnnk1\promote\study_project\remotectrl\x64\debug\remoteclient.pdb
c:\users\secqin\program\bianchen\code\lnnk1\promote\study_project\remotectrl\remoteclient\x64\debug\remoteclient.res
c:\users\secqin\program\bianchen\code\lnnk1\promote\study_project\remotectrl\remoteclient\x64\debug\remoteclient.ilk
c:\users\secqin\program\bianchen\code\lnnk1\promote\study_project\remotectrl\remoteclient\x64\debug\remoteclient.tlog\cl.command.1.tlog
c:\users\secqin\program\bianchen\code\lnnk1\promote\study_project\remotectrl\remoteclient\x64\debug\remoteclient.tlog\cl.items.tlog
c:\users\secqin\program\bianchen\code\lnnk1\promote\study_project\remotectrl\remoteclient\x64\debug\remoteclient.tlog\cl.read.1.tlog
c:\users\secqin\program\bianchen\code\lnnk1\promote\study_project\remotectrl\remoteclient\x64\debug\remoteclient.tlog\cl.write.1.tlog
c:\users\secqin\program\bianchen\code\lnnk1\promote\study_project\remotectrl\remoteclient\x64\debug\remoteclient.tlog\link.command.1.tlog
c:\users\secqin\program\bianchen\code\lnnk1\promote\study_project\remotectrl\remoteclient\x64\debug\remoteclient.tlog\link.read.1.tlog
c:\users\secqin\program\bianchen\code\lnnk1\promote\study_project\remotectrl\remoteclient\x64\debug\remoteclient.tlog\link.secondary.1.tlog
c:\users\secqin\program\bianchen\code\lnnk1\promote\study_project\remotectrl\remoteclient\x64\debug\remoteclient.tlog\link.write.1.tlog
c:\users\secqin\program\bianchen\code\lnnk1\promote\study_project\remotectrl\remoteclient\x64\debug\remoteclient.tlog\rc.command.1.tlog
c:\users\secqin\program\bianchen\code\lnnk1\promote\study_project\remotectrl\remoteclient\x64\debug\remoteclient.tlog\rc.read.1.tlog
c:\users\secqin\program\bianchen\code\lnnk1\promote\study_project\remotectrl\remoteclient\x64\debug\remoteclient.tlog\rc.write.1.tlog
